<?xml version="1.0" encoding="utf-8"?><testsuites name="pytest tests"><testsuite name="pytest" errors="0" failures="0" skipped="0" tests="18" time="3.623" timestamp="2026-04-02T20:04:07.766135+00:00" hostname="agent-env-2f2702cc-755f-4b6b-b62b-22f4238ace02"><testcase classname="backend.tests.test_atron_api.TestHealthEndpoint" name="test_health_check" time="0.172" /><testcase classname="backend.tests.test_atron_api.TestHealthEndpoint" name="test_api_root" time="0.055" /><testcase classname="backend.tests.test_atron_api.TestAuthEndpoints" name="test_teacher_login_success" time="0.278" /><testcase classname="backend.tests.test_atron_api.TestAuthEndpoints" name="test_student_login_success" time="0.272" /><testcase classname="backend.tests.test_atron_api.TestAuthEndpoints" name="test_login_invalid_credentials" time="0.055" /><testcase classname="backend.tests.test_atron_api.TestAuthEndpoints" name="test_register_new_user" time="0.292" /><testcase classname="backend.tests.test_atron_api.TestAuthEndpoints" name="test_register_duplicate_email" time="0.049" /><testcase classname="backend.tests.test_atron_api.TestAuthEndpoints" name="test_get_current_user" time="0.333" /><testcase classname="backend.tests.test_atron_api.TestClassEndpoints" name="test_list_classes_teacher" time="0.050" /><testcase classname="backend.tests.test_atron_api.TestClassEndpoints" name="test_create_class" time="0.055" /><testcase classname="backend.tests.test_atron_api.TestClassEndpoints" name="test_get_class_details" time="0.104" /><testcase classname="backend.tests.test_atron_api.TestClassEndpoints" name="test_get_class_students" time="0.107" /><testcase classname="backend.tests.test_atron_api.TestAttendanceEndpoints" name="test_start_attendance_session" time="0.270" /><testcase classname="backend.tests.test_atron_api.TestAttendanceEndpoints" name="test_get_active_session" time="0.102" /><testcase classname="backend.tests.test_atron_api.TestReportEndpoints" name="test_get_class_report" time="0.101" /><testcase classname="backend.tests.test_atron_api.TestReportEndpoints" name="test_export_report" time="0.717" /><testcase classname="backend.tests.test_atron_api.TestAnalyticsEndpoints" name="test_teacher_analytics" time="0.052" /><testcase classname="backend.tests.test_atron_api.TestAnalyticsEndpoints" name="test_student_analytics" time="0.341" /></testsuite></testsuites>